<?xml version="1.0" encoding="UTF-8"?>
<!-- Generated by org.testng.reporters.JUnitReportReporter -->
<testsuite hostname="Guru" failures="0" tests="1" name="hrms_tc.TC001" time="12.537" errors="0" timestamp="2023-04-06T11:27:11 IST" skipped="0">
  <testcase classname="hrms_tc.TC001" name="tc001" time="12.537"/>
  <system-out>
    <![CDATA[OrangeHRM - New Level of HR Management
OrangeHRM]]>
  </system-out>
</testsuite> <!-- hrms_tc.TC001 -->
